Arguments: 
  C:\Program Files\nodejs\node.exe C:\Users\anhko\AppData\Roaming\npm\node_modules\yarn\bin\yarn.js add -D @types/node

PATH: 
  C:\Program Files\Microsoft\jdk-11.0.12.7-hotspot\bin;D:\oracle\product\10.2.0\db_1\bin;C:\Program Files\Java\jdk1.8.0_111\bin;C:\ProgramData\Oracle\Java\javapath;C:\Windows\system32;C:\Windows;C:\Windows\System32\Wbem;C:\Windows\System32\WindowsPowerShell\v1.0\;C:\Windows\System32\OpenSSH\;C:\Program Files (x86)\NVIDIA Corporation\PhysX\Common;.;C:\Program Files\Java\jdk1.8.0_111\lib;C:\Program Files\Java\jdk1.8.0_111\lib\tool.jar;C:\Program Files\Microsoft SQL Server\Client SDK\ODBC\130\Tools\Binn\;C:\Program Files (x86)\Microsoft SQL Server\140\Tools\Binn\;C:\Program Files\Microsoft SQL Server\140\Tools\Binn\;C:\Program Files\Microsoft SQL Server\140\DTS\Binn\;C:\Program Files (x86)\Microsoft SQL Server\80\Tools\Binn\;C:\Program Files (x86)\Microsoft SQL Server\150\DTS\Binn\;C:\WINDOWS\system32;C:\WINDOWS;C:\WINDOWS\System32\Wbem;C:\WINDOWS\System32\WindowsPowerShell\v1.0\;C:\WINDOWS\System32\OpenSSH\;C:\Program Files\nodejs\;F:\Git\cmd;C:\Program Files\Microsoft SQL Server\150\Tools\Binn\;C:\Program Files\Microsoft SQL Server\Client SDK\ODBC\170\Tools\Binn\;C:\Program Files\dotnet\;C:\Users\anhko\AppData\Local\Programs\Python\Python39\Scripts\;C:\Users\anhko\AppData\Local\Programs\Python\Python39\;C:\Program Files\MySQL\MySQL Shell 8.0\bin\;C:\Users\anhko\AppData\Local\Microsoft\WindowsApps;C:\Program Files\Bandizip\;D:\SSH;C:\Program Files\mingw64\bin;;C:\Program Files\JetBrains\CLion 2021.3.2\bin;;C:\Users\anhko\AppData\Roaming\npm;D:\Microsoft VS Code\bin;C:\Users\anhko\.dotnet\tools

Yarn version: 
  1.22.17

Node version: 
  16.13.2

Platform: 
  win32 x64

Trace: 
  Error: EBUSY: resource busy or locked, unlink 'F:\cloud-doc\node_modules\electron\dist\v8_context_snapshot.bin'

npm manifest: 
  {
    "name": "cloud-doc",
    "version": "0.1.0",
    "main": "main.js",
    "private": true,
    "dependencies": {
      "@fortawesome/fontawesome-svg-core": "^1.3.0",
      "@fortawesome/free-solid-svg-icons": "^6.0.0",
      "@fortawesome/react-fontawesome": "^0.1.17",
      "@testing-library/jest-dom": "^5.16.2",
      "@testing-library/react": "^12.1.3",
      "@testing-library/user-event": "^13.5.0",
      "bootstrap": "^5.1.3",
      "bootstrap-icons": "^1.8.1",
      "classnames": "^2.3.1",
      "node-sass": "^7.0.1",
      "react": "^17.0.2",
      "react-dom": "^17.0.2",
      "react-scripts": "5.0.0",
      "react-simplemde-editor": "^5.0.2",
      "uuid": "^8.3.2",
      "web-vitals": "^2.1.4"
    },
    "scripts": {
      "start": "react-scripts start",
      "build": "react-scripts build",
      "test": "react-scripts test",
      "eject": "react-scripts eject",
      "dev": "concurrently \"wait-on http://localhost:3000 && electron .\" \"cross-env BROWSER=none npm start\""
    },
    "eslintConfig": {
      "extends": [
        "react-app",
        "react-app/jest"
      ]
    },
    "browserslist": {
      "production": [
        ">0.2%",
        "not dead",
        "not op_mini all"
      ],
      "development": [
        "last 1 chrome version",
        "last 1 firefox version",
        "last 1 safari version"
      ]
    },
    "devDependencies": {
      "@types/bootstrap": "^5.1.9",
      "@types/uuid": "^8.3.4",
      "concurrently": "^7.0.0",
      "cross-env": "^7.0.3",
      "electron": "^17.1.0",
      "electron-is-dev": "^2.0.0",
      "wait-on": "^6.0.1"
    }
  }

yarn manifest: 
  No manifest

Lockfile: 
  No lockfile
